<?xml version="1.0" encoding="UTF-8"?>
<!-- Generated by org.testng.reporters.JUnitXMLReporter -->
<testsuite ignored="0" hostname="DESKTOP-62C5BVK" failures="0" tests="4" name="FirefoxTest" time="67.201" errors="0" timestamp="2022-03-02T21:55:52 IST">
  <testcase classname="pack123.Test456" name="@AfterMethod logOut" time="2.685">
    <failure type="org.openqa.selenium.ElementNotInteractableException" message="Element &amp;lt;button id=&amp;quot;userDataLightBox_deleteBtn&amp;quot;&amp;gt; could not be scrolled into view
Build info: version: &amp;apos;3.141.59&amp;apos;, revision: &amp;apos;e82be7d358&amp;apos;, time: &amp;apos;2018-11-14T08:17:03&amp;apos;
System info: host: &amp;apos;DESKTOP-62C5BVK&amp;apos;, ip: &amp;apos;192.168.43.150&amp;apos;, os.name: &amp;apos;Windows 10&amp;apos;, os.arch: &amp;apos;amd64&amp;apos;, os.version: &amp;apos;10.0&amp;apos;, java.version: &amp;apos;17&amp;apos;
Driver info: org.openqa.selenium.firefox.FirefoxDriver
Capabilities {acceptInsecureCerts: true, browserName: firefox, browserVersion: 97.0.1, javascriptEnabled: true, moz:accessibilityChecks: false, moz:buildID: 20220216172458, moz:geckodriverVersion: 0.30.0, moz:headless: false, moz:processID: 14200, moz:profile: C:\Users\Ajesh\AppData\Loca..., moz:shutdownTimeout: 60000, moz:useNonSpecCompliantPointerOrigin: false, moz:webdriverClick: true, pageLoadStrategy: normal, platform: WINDOWS, platformName: WINDOWS, platformVersion: 10.0, proxy: Proxy(), setWindowRect: true, strictFileInteractability: false, timeouts: {implicit: 0, pageLoad: 300000, script: 30000}, unhandledPromptBehavior: dismiss and notify}
Session ID: e974ff59-3568-4c76-9ade-3b69c03144d7">
      <![CDATA[org.openqa.selenium.ElementNotInteractableException: Element <button id="userDataLightBox_deleteBtn"> could not be scrolled into view
Build info: version: '3.141.59', revision: 'e82be7d358', time: '2018-11-14T08:17:03'
System info: host: 'DESKTOP-62C5BVK', ip: '192.168.43.150', os.name: 'Windows 10', os.arch: 'amd64', os.version: '10.0', java.version: '17'
Driver info: org.openqa.selenium.firefox.FirefoxDriver
Capabilities {acceptInsecureCerts: true, browserName: firefox, browserVersion: 97.0.1, javascriptEnabled: true, moz:accessibilityChecks: false, moz:buildID: 20220216172458, moz:geckodriverVersion: 0.30.0, moz:headless: false, moz:processID: 14200, moz:profile: C:\Users\Ajesh\AppData\Loca..., moz:shutdownTimeout: 60000, moz:useNonSpecCompliantPointerOrigin: false, moz:webdriverClick: true, pageLoadStrategy: normal, platform: WINDOWS, platformName: WINDOWS, platformVersion: 10.0, proxy: Proxy(), setWindowRect: true, strictFileInteractability: false, timeouts: {implicit: 0, pageLoad: 300000, script: 30000}, unhandledPromptBehavior: dismiss and notify}
Session ID: e974ff59-3568-4c76-9ade-3b69c03144d7
at org.openqa.selenium.remote.http.W3CHttpResponseCodec.createException(W3CHttpResponseCodec.java:187)
at org.openqa.selenium.remote.http.W3CHttpResponseCodec.decode(W3CHttpResponseCodec.java:122)
at org.openqa.selenium.remote.http.W3CHttpResponseCodec.decode(W3CHttpResponseCodec.java:49)
at org.openqa.selenium.remote.HttpCommandExecutor.execute(HttpCommandExecutor.java:158)
at org.openqa.selenium.remote.service.DriverCommandExecutor.execute(DriverCommandExecutor.java:83)
at org.openqa.selenium.remote.RemoteWebDriver.execute(RemoteWebDriver.java:552)
at org.openqa.selenium.remote.RemoteWebElement.execute(RemoteWebElement.java:285)
at org.openqa.selenium.remote.RemoteWebElement.click(RemoteWebElement.java:84)
at org.openqa.selenium.support.pagefactory.internal.LocatingElementHandler.invoke(LocatingElementHandler.java:51)
at jdk.proxy2/jdk.proxy2.$Proxy17.click(Unknown Source)
at pom.ApplicationCreateUserPage.deleteUserOfActitime(ApplicationCreateUserPage.java:155)
at pack123.Test456.logOut(Test456.java:207)
at java.base/java.util.ArrayList.forEach(ArrayList.java:1511)
... Removed 41 stack frames]]>
    </failure>
  </testcase> <!-- @AfterMethod logOut -->
  <testcase classname="pack123.Test456" name="@BeforeMethod loginToapplication" time="-1.646238333282E9">
    <skipped/>
  </testcase> <!-- @BeforeMethod loginToapplication -->
  <testcase classname="pack123.Test456" name="@AfterMethod logOut" time="-1.646238333293E9">
    <skipped/>
  </testcase> <!-- @AfterMethod logOut -->
  <testcase classname="pack123.Test456" name="@AfterClass clearPomObject" time="-1.646238333295E9">
    <skipped/>
  </testcase> <!-- @AfterClass clearPomObject -->
  <testcase classname="pack123.Test456" name="verifyCreateAnotherUser" time="4.924"/>
  <testcase classname="pack123.Test456" name="verifyCreateUser" time="0.0">
    <skipped/>
  </testcase> <!-- verifyCreateUser -->
  <testcase classname="pack123.Test123" name="verifyReportTab" time="2.95"/>
  <testcase classname="pack123.Test123" name="verifyUserTab" time="1.346"/>
</testsuite> <!-- FirefoxTest -->
